<?xml version="1.0" encoding="UTF-8"?>
<!-- Generated by org.testng.reporters.JUnitXMLReporter -->
<testsuite ignored="0" hostname="LTIN674480" failures="1" tests="1" name="ExperiencesFlow" time="54.952" errors="0" timestamp="2026-02-02T13:40:42 IST">
  <testcase classname="tests.ExperiencesTest" name="experiencesFlow_endToEnd" time="39.3">
    <failure type="java.lang.RuntimeException" message="Timed out waiting for new window">
      <![CDATA[java.lang.RuntimeException: Timed out waiting for new window
at utils.WindowUtils.waitForNewWindow(WindowUtils.java:18)
at pages.ExperiencesResultsPage.openRandomExperienceInNewTab(ExperiencesResultsPage.java:71)
at tests.ExperiencesTest.experiencesFlow_endToEnd(ExperiencesTest.java:49)
at java.base/java.util.ArrayList.forEach(ArrayList.java:1596)
... Removed 25 stack frames]]>
    </failure>
  </testcase> <!-- experiencesFlow_endToEnd -->
</testsuite> <!-- ExperiencesFlow -->
