<?xml version="1.0" encoding="UTF-8"?>
<testng-results ignored="0" total="1" passed="1" failed="0" skipped="0">
  <reporter-output>
  </reporter-output>
  <suite started-at="2026-02-02T15:04:06 IST" name="Default suite" finished-at="2026-02-02T15:05:33 IST" duration-ms="86201">
    <groups>
    </groups>
    <test started-at="2026-02-02T15:04:06 IST" name="Default test" finished-at="2026-02-02T15:05:33 IST" duration-ms="86201">
      <class name="tests.ServicesTest">
        <test-method is-config="true" signature="beforeSuite()[pri:0, instance:tests.ServicesTest@8462f31]" started-at="2026-02-02T15:04:06 IST" name="beforeSuite" finished-at="2026-02-02T15:04:06 IST" duration-ms="19" status="PASS">
          <reporter-output>
          </reporter-output>
        </test-method> <!-- beforeSuite -->
        <test-method is-config="true" signature="setUp(java.lang.reflect.Method)[pri:0, instance:tests.ServicesTest@8462f31]" started-at="2026-02-02T15:04:06 IST" name="setUp" finished-at="2026-02-02T15:04:20 IST" duration-ms="13751" status="PASS">
          <params>
            <param index="0">
              <value>
                <![CDATA[public void tests.ServicesTest.servicesFlow_endToEnd() throws java.lang.Exception]]>
              </value>
            </param>
          </params>
          <reporter-output>
          </reporter-output>
        </test-method> <!-- setUp -->
        <test-method signature="servicesFlow_endToEnd()[pri:0, instance:tests.ServicesTest@8462f31]" started-at="2026-02-02T15:04:20 IST" name="servicesFlow_endToEnd" finished-at="2026-02-02T15:05:23 IST" duration-ms="62144" status="PASS">
          <reporter-output>
          </reporter-output>
        </test-method> <!-- servicesFlow_endToEnd -->
        <test-method is-config="true" signature="tearDown(org.testng.ITestResult,java.lang.reflect.Method)[pri:0, instance:tests.ServicesTest@8462f31]" started-at="2026-02-02T15:05:23 IST" name="tearDown" finished-at="2026-02-02T15:05:33 IST" duration-ms="9865" status="PASS">
          <params>
            <param index="0">
              <value>
                <![CDATA[[TestResult name=servicesFlow_endToEnd status=SUCCESS method=ServicesTest.servicesFlow_endToEnd()[pri:0, instance:tests.ServicesTest@8462f31] output={null}]]]>
              </value>
            </param>
            <param index="1">
              <value>
                <![CDATA[public void tests.ServicesTest.servicesFlow_endToEnd() throws java.lang.Exception]]>
              </value>
            </param>
          </params>
          <reporter-output>
          </reporter-output>
        </test-method> <!-- tearDown -->
      </class> <!-- tests.ServicesTest -->
    </test> <!-- Default test -->
  </suite> <!-- Default suite -->
</testng-results>
