<?xml version="1.0" encoding="UTF-8"?>
<testng-results ignored="0" total="1" passed="1" failed="0" skipped="0">
  <reporter-output>
  </reporter-output>
  <suite started-at="2026-02-02T12:37:03 IST" name="Default suite" finished-at="2026-02-02T12:38:22 IST" duration-ms="78894">
    <groups>
    </groups>
    <test started-at="2026-02-02T12:37:03 IST" name="Default test" finished-at="2026-02-02T12:38:22 IST" duration-ms="78894">
      <class name="tests.ServicesTest">
        <test-method is-config="true" signature="beforeSuite()[pri:0, instance:tests.ServicesTest@1dde4cb2]" started-at="2026-02-02T12:37:03 IST" name="beforeSuite" finished-at="2026-02-02T12:37:03 IST" duration-ms="9" status="PASS">
          <reporter-output>
          </reporter-output>
        </test-method> <!-- beforeSuite -->
        <test-method is-config="true" signature="setUp(java.lang.reflect.Method)[pri:0, instance:tests.ServicesTest@1dde4cb2]" started-at="2026-02-02T12:37:03 IST" name="setUp" finished-at="2026-02-02T12:37:10 IST" duration-ms="7165" status="PASS">
          <params>
            <param index="0">
              <value>
                <![CDATA[public void tests.ServicesTest.servicesFlow_endToEnd() throws java.lang.Exception]]>
              </value>
            </param>
          </params>
          <reporter-output>
          </reporter-output>
        </test-method> <!-- setUp -->
        <test-method signature="servicesFlow_endToEnd()[pri:0, instance:tests.ServicesTest@1dde4cb2]" started-at="2026-02-02T12:37:10 IST" name="servicesFlow_endToEnd" finished-at="2026-02-02T12:38:13 IST" duration-ms="63502" status="PASS">
          <reporter-output>
          </reporter-output>
        </test-method> <!-- servicesFlow_endToEnd -->
        <test-method is-config="true" signature="tearDown(org.testng.ITestResult,java.lang.reflect.Method)[pri:0, instance:tests.ServicesTest@1dde4cb2]" started-at="2026-02-02T12:38:13 IST" name="tearDown" finished-at="2026-02-02T12:38:22 IST" duration-ms="8189" status="PASS">
          <params>
            <param index="0">
              <value>
                <![CDATA[[TestResult name=servicesFlow_endToEnd status=SUCCESS method=ServicesTest.servicesFlow_endToEnd()[pri:0, instance:tests.ServicesTest@1dde4cb2] output={null}]]]>
              </value>
            </param>
            <param index="1">
              <value>
                <![CDATA[public void tests.ServicesTest.servicesFlow_endToEnd() throws java.lang.Exception]]>
              </value>
            </param>
          </params>
          <reporter-output>
          </reporter-output>
        </test-method> <!-- tearDown -->
      </class> <!-- tests.ServicesTest -->
    </test> <!-- Default test -->
  </suite> <!-- Default suite -->
</testng-results>
